# JRE version: OpenJDK Runtime Environment (21.0.3) (build 21.0.3+-12282718-b509.11)
# Java VM: OpenJDK 64-Bit Server VM (21.0.3+-12282718-b509.11, mixed mode, tiered, compressed oops, compressed class ptrs, g1 gc, windows-amd64)
GC Precious Log:
 CardTable entry size: 512
 Card Set container configuration: InlinePtr #cards 5 size 8 Array Of Cards #cards 12 size 40 Howl #buckets 4 coarsen threshold 1843 Howl Bitmap #cards 512 size 80 coarsen threshold 460 Card regions per heap region 1 cards per card region 2048
 CPUs: 4 total, 4 available
 Memory: 7975M
 Large Page Support: Disabled
 NUMA Support: Disabled
 Compressed Oops: Enabled (32-bit)
 Heap Region Size: 1M
 Heap Min Capacity: 8M
 Heap Initial Capacity: 126M
 Heap Max Capacity: 1994M
 Pre-touch: Disabled
 Parallel Workers: 4
 Concurrent Workers: 1
 Concurrent Refinement Workers: 4
 Periodic GC: Disabled
Heap:
 garbage-first heap   total 112640K, used 75503K [0x0000000083600000, 0x0000000100000000)
  region size 1024K, 23 young (23552K), 4 survivors (4096K)
 Metaspace       used 61929K, committed 62656K, reserved 1114112K
  class space    used 7101K, committed 7424K, reserved 1048576K
GC Heap History (20 events):
Event: 2.053 GC heap before
{Heap before GC invocations=7 (full 0):
 garbage-first heap   total 66560K, used 29138K [0x0000000083600000, 0x0000000100000000)
  region size 1024K, 9 young (9216K), 3 survivors (3072K)
 Metaspace       used 35955K, committed 36160K, reserved 1114112K
  class space    used 4457K, committed 4544K, reserved 1048576K
}
Event: 2.058 GC heap after
{Heap after GC invocations=8 (full 0):
 garbage-first heap   total 66560K, used 23046K [0x0000000083600000, 0x0000000100000000)
  region size 1024K, 2 young (2048K), 2 survivors (2048K)
 Metaspace       used 35955K, committed 36160K, reserved 1114112K
  class space    used 4457K, committed 4544K, reserved 1048576K
}
Event: 2.510 GC heap before
{Heap before GC invocations=9 (full 0):
 garbage-first heap   total 66560K, used 50694K [0x0000000083600000, 0x0000000100000000)
  region size 1024K, 29 young (29696K), 2 survivors (2048K)
 Metaspace       used 41771K, committed 42112K, reserved 1114112K
  class space    used 5009K, committed 5184K, reserved 1048576K
}
Event: 2.516 GC heap after
{Heap after GC invocations=10 (full 0):
 garbage-first heap   total 66560K, used 26065K [0x0000000083600000, 0x0000000100000000)
  region size 1024K, 4 young (4096K), 4 survivors (4096K)
 Metaspace       used 41771K, committed 42112K, reserved 1114112K
  class space    used 5009K, committed 5184K, reserved 1048576K
}
Event: 3.045 GC heap before
{Heap before GC invocations=10 (full 0):
 garbage-first heap   total 66560K, used 52689K [0x0000000083600000, 0x0000000100000000)
  region size 1024K, 30 young (30720K), 4 survivors (4096K)
 Metaspace       used 47031K, committed 47808K, reserved 1114112K
  class space    used 5709K, committed 6080K, reserved 1048576K
}
Event: 3.058 GC heap after
{Heap after GC invocations=11 (full 0):
 garbage-first heap   total 66560K, used 28238K [0x0000000083600000, 0x0000000100000000)
  region size 1024K, 3 young (3072K), 3 survivors (3072K)
 Metaspace       used 47031K, committed 47808K, reserved 1114112K
  class space    used 5709K, committed 6080K, reserved 1048576K
}
Event: 3.320 GC heap before
{Heap before GC invocations=11 (full 0):
 garbage-first heap   total 66560K, used 54862K [0x0000000083600000, 0x0000000100000000)
  region size 1024K, 28 young (28672K), 3 survivors (3072K)
 Metaspace       used 49022K, committed 49728K, reserved 1114112K
  class space    used 5934K, committed 6272K, reserved 1048576K
}
Event: 3.328 GC heap after
{Heap after GC invocations=12 (full 0):
 garbage-first heap   total 66560K, used 31055K [0x0000000083600000, 0x0000000100000000)
  region size 1024K, 3 young (3072K), 3 survivors (3072K)
 Metaspace       used 49022K, committed 49728K, reserved 1114112K
  class space    used 5934K, committed 6272K, reserved 1048576K
}
Event: 3.686 GC heap before
{Heap before GC invocations=12 (full 0):
 garbage-first heap   total 66560K, used 57679K [0x0000000083600000, 0x0000000100000000)
  region size 1024K, 27 young (27648K), 3 survivors (3072K)
 Metaspace       used 52311K, committed 52992K, reserved 1114112K
  class space    used 6295K, committed 6656K, reserved 1048576K
}
Event: 3.695 GC heap after
{Heap after GC invocations=13 (full 0):
 garbage-first heap   total 86016K, used 36070K [0x0000000083600000, 0x0000000100000000)
  region size 1024K, 4 young (4096K), 4 survivors (4096K)
 Metaspace       used 52311K, committed 52992K, reserved 1114112K
  class space    used 6295K, committed 6656K, reserved 1048576K
}
Event: 4.341 GC heap before
{Heap before GC invocations=13 (full 0):
 garbage-first heap   total 86016K, used 69862K [0x0000000083600000, 0x0000000100000000)
  region size 1024K, 38 young (38912K), 4 survivors (4096K)
 Metaspace       used 54849K, committed 55552K, reserved 1114112K
  class space    used 6498K, committed 6848K, reserved 1048576K
}
Event: 4.358 GC heap after
{Heap after GC invocations=14 (full 0):
 garbage-first heap   total 86016K, used 41752K [0x0000000083600000, 0x0000000100000000)
  region size 1024K, 5 young (5120K), 5 survivors (5120K)
 Metaspace       used 54849K, committed 55552K, reserved 1114112K
  class space    used 6498K, committed 6848K, reserved 1048576K
}
Event: 5.140 GC heap before
{Heap before GC invocations=14 (full 0):
 garbage-first heap   total 86016K, used 71448K [0x0000000083600000, 0x0000000100000000)
  region size 1024K, 34 young (34816K), 5 survivors (5120K)
 Metaspace       used 56368K, committed 57088K, reserved 1114112K
  class space    used 6629K, committed 6976K, reserved 1048576K
}
Event: 5.159 GC heap after
{Heap after GC invocations=15 (full 0):
 garbage-first heap   total 86016K, used 46488K [0x0000000083600000, 0x0000000100000000)
  region size 1024K, 5 young (5120K), 5 survivors (5120K)
 Metaspace       used 56368K, committed 57088K, reserved 1114112K
  class space    used 6629K, committed 6976K, reserved 1048576K
}
Event: 5.889 GC heap before
{Heap before GC invocations=15 (full 0):
 garbage-first heap   total 86016K, used 73112K [0x0000000083600000, 0x0000000100000000)
  region size 1024K, 31 young (31744K), 5 survivors (5120K)
 Metaspace       used 58914K, committed 59584K, reserved 1114112K
  class space    used 6906K, committed 7232K, reserved 1048576K
}
Event: 5.901 GC heap after
{Heap after GC invocations=16 (full 0):
 garbage-first heap   total 86016K, used 48500K [0x0000000083600000, 0x0000000100000000)
  region size 1024K, 3 young (3072K), 3 survivors (3072K)
 Metaspace       used 58914K, committed 59584K, reserved 1114112K
  class space    used 6906K, committed 7232K, reserved 1048576K
}
Event: 6.387 GC heap before
{Heap before GC invocations=17 (full 0):
 garbage-first heap   total 91136K, used 75124K [0x0000000083600000, 0x0000000100000000)
  region size 1024K, 29 young (29696K), 3 survivors (3072K)
 Metaspace       used 60049K, committed 60736K, reserved 1114112K
  class space    used 7028K, committed 7360K, reserved 1048576K
}
Event: 6.400 GC heap after
{Heap after GC invocations=18 (full 0):
 garbage-first heap   total 91136K, used 53014K [0x0000000083600000, 0x0000000100000000)
  region size 1024K, 4 young (4096K), 4 survivors (4096K)
 Metaspace       used 60049K, committed 60736K, reserved 1114112K
  class space    used 7028K, committed 7360K, reserved 1048576K
}
Event: 7.129 GC heap before
{Heap before GC invocations=18 (full 0):
 garbage-first heap   total 91136K, used 79638K [0x0000000083600000, 0x0000000100000000)
  region size 1024K, 30 young (30720K), 4 survivors (4096K)
 Metaspace       used 60856K, committed 61568K, reserved 1114112K
  class space    used 7046K, committed 7360K, reserved 1048576K
}
Event: 7.144 GC heap after
{Heap after GC invocations=19 (full 0):
 garbage-first heap   total 112640K, used 57071K [0x0000000083600000, 0x0000000100000000)
  region size 1024K, 4 young (4096K), 4 survivors (4096K)
 Metaspace       used 60856K, committed 61568K, reserved 1114112K
  class space    used 7046K, committed 7360K, reserved 1048576K
}

